nohup: ignoring input
[0mGET / [36m304 [0m7.354 ms - -[0m
[0mGET /stylesheets/style.css [36m304 [0m1.536 ms - -[0m
[0mGET /javascripts/config.js [36m304 [0m1.342 ms - -[0m
[0mGET /javascripts/common.js [36m304 [0m0.726 ms - -[0m
[0mGET /javascripts/sell-contract-ctrl.js [36m304 [0m0.269 ms - -[0m
[0mGET /javascripts/user-firebase.js [36m304 [0m0.344 ms - -[0m
[0mGET /javascripts/controller.js [36m304 [0m0.393 ms - -[0m
[0mGET /javascripts/nav-ctrl.js [36m304 [0m0.369 ms - -[0m
[0mGET /images/house.ico [36m304 [0m0.345 ms - -[0m
[0mGET / [32m200 [0m3.506 ms - 10414[0m
[0mGET /stylesheets/style.css [32m200 [0m1.333 ms - 3231[0m
[0mGET /javascripts/config.js [32m200 [0m0.881 ms - 1148[0m
[0mGET / [32m200 [0m0.850 ms - 10414[0m
[0mGET /javascripts/common.js [32m200 [0m0.668 ms - 1038[0m
[0mGET /stylesheets/style.css [32m200 [0m1.544 ms - 3231[0m
[0mGET /javascripts/config.js [32m200 [0m0.968 ms - 1148[0m
[0mGET /javascripts/common.js [32m200 [0m1.031 ms - 1038[0m
[0mGET /javascripts/sell-contract-ctrl.js [32m200 [0m0.448 ms - 11081[0m
[0mGET /javascripts/sell-contract-ctrl.js [32m200 [0m4.000 ms - 11081[0m
[0mGET /javascripts/user-firebase.js [32m200 [0m3.507 ms - 5501[0m
[0mGET /javascripts/user-firebase.js [32m200 [0m0.333 ms - 5501[0m
[0mGET /javascripts/controller.js [32m200 [0m0.391 ms - 2437[0m
[0mGET /javascripts/nav-ctrl.js [32m200 [0m0.961 ms - 174[0m
[0mGET /javascripts/controller.js [32m200 [0m0.889 ms - 2437[0m
[0mGET /javascripts/nav-ctrl.js [32m200 [0m0.486 ms - 174[0m
[0mGET /images/house.ico [32m200 [0m0.545 ms - 166471[0m
[0mGET / [32m200 [0m0.545 ms - 10414[0m
[0mGET /images/house.ico [32m200 [0m0.526 ms - 166471[0m
[0mGET /stylesheets/style.css [32m200 [0m0.565 ms - 3231[0m
[0mGET /javascripts/config.js [32m200 [0m0.529 ms - 1148[0m
[0mGET /javascripts/user-firebase.js [32m200 [0m0.385 ms - 5501[0m
[0mGET /javascripts/sell-contract-ctrl.js [32m200 [0m0.416 ms - 11081[0m
[0mGET /javascripts/controller.js [32m200 [0m0.861 ms - 2437[0m
[0mGET /javascripts/nav-ctrl.js [32m200 [0m0.379 ms - 174[0m
[0mGET /javascripts/common.js [32m200 [0m2.111 ms - 1038[0m
[0mGET /images/house.ico [32m200 [0m0.568 ms - 166471[0m
[0mGET / [32m200 [0m0.608 ms - 10414[0m
[0mGET /images/house.ico [32m200 [0m1.217 ms - 166471[0m
[0mGET / [32m200 [0m0.577 ms - 10414[0m
[0mGET /images/house.ico [32m200 [0m1.155 ms - 166471[0m
[0mGET /images/house.ico [32m200 [0m0.536 ms - 166471[0m
[0mGET / [32m200 [0m0.661 ms - 10414[0m
[0mGET /stylesheets/style.css [32m200 [0m1.971 ms - 3231[0m
[0mGET /javascripts/config.js [32m200 [0m2.717 ms - 1148[0m
[0mGET /javascripts/common.js [32m200 [0m1.271 ms - 1038[0m
[0mGET /javascripts/sell-contract-ctrl.js [32m200 [0m1.049 ms - 11081[0m
[0mGET /javascripts/user-firebase.js [32m200 [0m0.620 ms - 5501[0m
[0mGET /javascripts/controller.js [32m200 [0m2.743 ms - 2437[0m
[0mGET /javascripts/nav-ctrl.js [32m200 [0m0.558 ms - 174[0m
[0mGET /images/house.ico [32m200 [0m0.570 ms - 166471[0m
[0mGET /images/house.ico [36m304 [0m0.381 ms - -[0m
[0mGET / [36m304 [0m0.386 ms - -[0m
[0mGET /stylesheets/style.css [36m304 [0m0.355 ms - -[0m
[0mGET /javascripts/common.js [36m304 [0m0.415 ms - -[0m
[0mGET /javascripts/config.js [36m304 [0m0.442 ms - -[0m
[0mGET /javascripts/sell-contract-ctrl.js [36m304 [0m0.213 ms - -[0m
[0mGET /javascripts/user-firebase.js [36m304 [0m0.362 ms - -[0m
[0mGET /javascripts/controller.js [36m304 [0m0.329 ms - -[0m
[0mGET /javascripts/nav-ctrl.js [36m304 [0m4.703 ms - -[0m
[0mGET /images/house.ico [36m304 [0m0.213 ms - -[0m
[0mGET / [32m200 [0m0.567 ms - 10414[0m
[0mGET /images/house.ico [32m200 [0m0.558 ms - 166471[0m
[0mGET /images/house.ico [32m200 [0m0.554 ms - 166471[0m
[0mGET / [32m200 [0m0.544 ms - 10414[0m
[0mGET /images/house.ico [32m200 [0m0.518 ms - 166471[0m
[0mGET / [36m304 [0m4.184 ms - -[0m
[0mGET /stylesheets/style.css [36m304 [0m0.359 ms - -[0m
[0mGET /javascripts/config.js [36m304 [0m0.327 ms - -[0m
[0mGET /javascripts/common.js [36m304 [0m0.332 ms - -[0m
[0mGET /javascripts/sell-contract-ctrl.js [36m304 [0m1.453 ms - -[0m
[0mGET /images/house.ico [36m304 [0m1.361 ms - -[0m
[0mGET /javascripts/user-firebase.js [36m304 [0m0.212 ms - -[0m
[0mGET /javascripts/controller.js [36m304 [0m0.728 ms - -[0m
[0mGET /javascripts/nav-ctrl.js [36m304 [0m0.253 ms - -[0m
[0mGET / [32m200 [0m0.541 ms - 10414[0m
[0mGET /images/house.ico [32m200 [0m0.532 ms - 166471[0m
[0mGET / [36m304 [0m0.428 ms - -[0m
[0mGET /stylesheets/style.css [36m304 [0m0.329 ms - -[0m
[0mGET /javascripts/config.js [36m304 [0m0.346 ms - -[0m
[0mGET /javascripts/common.js [36m304 [0m0.358 ms - -[0m
[0mGET /javascripts/sell-contract-ctrl.js [36m304 [0m1.552 ms - -[0m
[0mGET /images/house.ico [36m304 [0m0.336 ms - -[0m
[0mGET /javascripts/user-firebase.js [36m304 [0m1.890 ms - -[0m
[0mGET /javascripts/controller.js [36m304 [0m1.801 ms - -[0m
[0mGET /javascripts/nav-ctrl.js [36m304 [0m0.211 ms - -[0m
[0mGET / [36m304 [0m0.357 ms - -[0m
[0mGET /stylesheets/style.css [36m304 [0m0.343 ms - -[0m
[0mGET /javascripts/config.js [36m304 [0m0.202 ms - -[0m
[0mGET /javascripts/common.js [36m304 [0m0.176 ms - -[0m
[0mGET /javascripts/sell-contract-ctrl.js [36m304 [0m0.187 ms - -[0m
[0mGET /javascripts/user-firebase.js [36m304 [0m0.924 ms - -[0m
[0mGET /javascripts/controller.js [36m304 [0m0.334 ms - -[0m
[0mGET /javascripts/nav-ctrl.js [36m304 [0m0.337 ms - -[0m
[0mGET /images/house.ico [36m304 [0m0.351 ms - -[0m
[0mGET / [36m304 [0m1.514 ms - -[0m
[0mGET /stylesheets/style.css [36m304 [0m0.608 ms - -[0m
[0mGET /javascripts/config.js [36m304 [0m0.535 ms - -[0m
[0mGET /javascripts/common.js [36m304 [0m0.182 ms - -[0m
[0mGET /javascripts/sell-contract-ctrl.js [36m304 [0m0.190 ms - -[0m
[0mGET /javascripts/user-firebase.js [36m304 [0m0.278 ms - -[0m
[0mGET /javascripts/controller.js [36m304 [0m0.315 ms - -[0m
[0mGET /javascripts/nav-ctrl.js [36m304 [0m0.275 ms - -[0m
[0mGET /images/house.ico [36m304 [0m0.355 ms - -[0m
[0mGET / [36m304 [0m0.392 ms - -[0m
[0mGET /stylesheets/style.css [32m200 [0m1.112 ms - 3233[0m
[0mGET /javascripts/config.js [36m304 [0m2.676 ms - -[0m
[0mGET /javascripts/common.js [36m304 [0m2.690 ms - -[0m
[0mGET /javascripts/sell-contract-ctrl.js [36m304 [0m0.218 ms - -[0m
[0mGET /javascripts/user-firebase.js [36m304 [0m2.261 ms - -[0m
[0mGET /javascripts/controller.js [36m304 [0m0.376 ms - -[0m
[0mGET /javascripts/nav-ctrl.js [36m304 [0m0.322 ms - -[0m
[0mGET /images/house.ico [36m304 [0m0.336 ms - -[0m
[0mGET /images/house.ico [32m200 [0m0.597 ms - 166471[0m
[0mGET / [32m200 [0m3.839 ms - 10627[0m
[0mGET /stylesheets/style.css [36m304 [0m0.588 ms - -[0m
[0mGET /javascripts/config.js [36m304 [0m0.381 ms - -[0m
[0mGET /javascripts/common.js [36m304 [0m0.291 ms - -[0m
[0mGET /javascripts/sell-contract-ctrl.js [32m200 [0m0.540 ms - 25122[0m
[0mGET /images/house.ico [36m304 [0m0.364 ms - -[0m
[0mGET /javascripts/user-firebase.js [36m304 [0m0.386 ms - -[0m
[0mGET /javascripts/controller.js [36m304 [0m0.378 ms - -[0m
[0mGET /javascripts/nav-ctrl.js [36m304 [0m0.615 ms - -[0m
[0mGET /images/house.ico [32m200 [0m0.684 ms - 166471[0m
[0mGET /stylesheets/style.css [36m304 [0m3.164 ms - -[0m
[0mGET / [36m304 [0m0.607 ms - -[0m
[0mGET /stylesheets/style.css [36m304 [0m0.565 ms - -[0m
[0mGET /javascripts/config.js [36m304 [0m0.734 ms - -[0m
[0mGET /javascripts/common.js [36m304 [0m0.710 ms - -[0m
[0mGET /javascripts/sell-contract-ctrl.js [32m200 [0m0.718 ms - 25129[0m
[0mGET /javascripts/user-firebase.js [36m304 [0m0.377 ms - -[0m
[0mGET /javascripts/controller.js [36m304 [0m0.762 ms - -[0m
[0mGET /javascripts/nav-ctrl.js [36m304 [0m5.685 ms - -[0m
[0mGET /images/house.ico [36m304 [0m0.365 ms - -[0m
[0mGET / [36m304 [0m0.377 ms - -[0m
[0mGET /stylesheets/style.css [36m304 [0m0.361 ms - -[0m
[0mGET /javascripts/config.js [36m304 [0m0.201 ms - -[0m
[0mGET /javascripts/common.js [36m304 [0m0.456 ms - -[0m
[0mGET /javascripts/sell-contract-ctrl.js [32m200 [0m0.774 ms - 25136[0m
[0mGET /javascripts/user-firebase.js [36m304 [0m0.397 ms - -[0m
[0mGET /javascripts/controller.js [36m304 [0m0.344 ms - -[0m
[0mGET /javascripts/nav-ctrl.js [36m304 [0m0.373 ms - -[0m
[0mGET /images/house.ico [36m304 [0m0.319 ms - -[0m
[0mGET / [32m200 [0m0.704 ms - 10757[0m
[0mGET /stylesheets/style.css [36m304 [0m0.393 ms - -[0m
[0mGET /javascripts/config.js [36m304 [0m0.359 ms - -[0m
[0mGET /javascripts/common.js [36m304 [0m0.390 ms - -[0m
[0mGET /javascripts/sell-contract-ctrl.js [36m304 [0m0.217 ms - -[0m
[0mGET /images/house.ico [36m304 [0m0.349 ms - -[0m
[0mGET /javascripts/user-firebase.js [36m304 [0m0.365 ms - -[0m
[0mGET /javascripts/controller.js [36m304 [0m0.364 ms - -[0m
[0mGET /javascripts/nav-ctrl.js [36m304 [0m0.332 ms - -[0m
[0mGET / [36m304 [0m0.337 ms - -[0m
[0mGET /javascripts/config.js [36m304 [0m1.115 ms - -[0m
[0mGET /stylesheets/style.css [36m304 [0m0.871 ms - -[0m
[0mGET /javascripts/common.js [36m304 [0m0.212 ms - -[0m
[0mGET /javascripts/sell-contract-ctrl.js [36m304 [0m0.332 ms - -[0m
[0mGET /javascripts/user-firebase.js [36m304 [0m0.305 ms - -[0m
[0mGET /javascripts/controller.js [36m304 [0m0.345 ms - -[0m
[0mGET /javascripts/nav-ctrl.js [36m304 [0m0.365 ms - -[0m
[0mGET /images/house.ico [36m304 [0m0.342 ms - -[0m
